{"file":"C:/Users/Admin/Desktop/program/chat/biz/utils/logger.go:44","func":"github.com/lutasam/chat/biz/utils.(*Logger).DoError","level":"error","msg":"account has existed. please rename your account","time":"2022-08-05 16:12:03","trace_id":""}
{"file":"C:/Users/Admin/Desktop/program/chat/biz/utils/logger.go:44","func":"github.com/lutasam/chat/biz/utils.(*Logger).DoError","level":"error","msg":"server's database has some error, please try again later","time":"2022-08-05 16:14:11","trace_id":""}
{"file":"C:/Users/Admin/Desktop/program/chat/biz/utils/logger.go:44","func":"github.com/lutasam/chat/biz/utils.(*Logger).DoError","level":"error","msg":"server's database has some error, please try again later","time":"2022-08-05 16:15:41","trace_id":""}
{"file":"C:/Users/Admin/Desktop/program/chat/biz/utils/logger.go:44","func":"github.com/lutasam/chat/biz/utils.(*Logger).DoError","level":"error","msg":"server's database has some error, please try again later","time":"2022-08-05 16:15:47","trace_id":""}
{"file":"C:/Users/Admin/Desktop/program/chat/biz/utils/logger.go:44","func":"github.com/lutasam/chat/biz/utils.(*Logger).DoError","level":"error","msg":"server's database has some error, please try again later","time":"2022-08-05 16:17:14","trace_id":""}
{"file":"C:/Users/Admin/Desktop/program/chat/biz/utils/logger.go:44","func":"github.com/lutasam/chat/biz/utils.(*Logger).DoError","level":"error","msg":"server's database has some error, please try again later","time":"2022-08-05 16:22:53","trace_id":""}
{"file":"C:/Users/Admin/Desktop/program/chat/biz/utils/logger.go:44","func":"github.com/lutasam/chat/biz/utils.(*Logger).DoError","level":"error","msg":"server's database has some error, please try again later","time":"2022-08-05 16:23:20","trace_id":""}
{"file":"C:/Users/Admin/Desktop/program/chat/biz/utils/logger.go:44","func":"github.com/lutasam/chat/biz/utils.(*Logger).DoError","level":"error","msg":"server's database has some error, please try again later","time":"2022-08-05 16:39:58","trace_id":""}
{"file":"C:/Users/Admin/Desktop/program/chat/biz/utils/logger.go:44","func":"github.com/lutasam/chat/biz/utils.(*Logger).DoError","level":"error","msg":"server's database has some error, please try again later","time":"2022-08-05 16:40:00","trace_id":""}
{"file":"C:/Users/Admin/Desktop/program/chat/biz/utils/logger.go:44","func":"github.com/lutasam/chat/biz/utils.(*Logger).DoError","level":"error","msg":"server's database has some error, please try again later","time":"2022-08-05 16:53:10","trace_id":""}
{"file":"C:/Users/Admin/Desktop/program/chat/biz/utils/logger.go:44","func":"github.com/lutasam/chat/biz/utils.(*Logger).DoError","level":"error","msg":"server's database has some error, please try again later","time":"2022-08-05 16:57:26","trace_id":""}
{"file":"C:/Users/Admin/Desktop/program/chat/biz/utils/logger.go:44","func":"github.com/lutasam/chat/biz/utils.(*Logger).DoError","level":"error","msg":"you both are already friends, no need to be friend again","time":"2022-08-05 17:00:31","trace_id":""}
{"file":"C:/Users/Admin/Desktop/program/chat/biz/utils/logger.go:44","func":"github.com/lutasam/chat/biz/utils.(*Logger).DoError","level":"error","msg":"you both are already friends, no need to be friend again","time":"2022-08-05 17:02:07","trace_id":""}
{"file":"C:/Users/Admin/Desktop/program/chat/biz/utils/logger.go:44","func":"github.com/lutasam/chat/biz/utils.(*Logger).DoError","level":"error","msg":"you both are already friends, no need to be friend again","time":"2022-08-05 17:03:11","trace_id":""}
{"file":"C:/Users/Admin/Desktop/program/chat/biz/utils/logger.go:44","func":"github.com/lutasam/chat/biz/utils.(*Logger).DoError","level":"error","msg":"invalid character '}' looking for beginning of object key string","time":"2022-08-05 17:07:38","trace_id":""}
{"file":"C:/Users/Admin/Desktop/program/chat/biz/utils/logger.go:44","func":"github.com/lutasam/chat/biz/utils.(*Logger).DoError","level":"error","msg":"server's database has some error, please try again later","time":"2022-08-05 17:16:15","trace_id":""}
{"file":"C:/Users/Admin/Desktop/program/chat/biz/utils/logger.go:44","func":"github.com/lutasam/chat/biz/utils.(*Logger).DoError","level":"error","msg":"server's database has some error, please try again later","time":"2022-08-05 17:18:58","trace_id":""}
{"file":"C:/Users/Admin/Desktop/program/chat/biz/utils/logger.go:44","func":"github.com/lutasam/chat/biz/utils.(*Logger).DoError","level":"error","msg":"you both are already friends, no need to be friend again","time":"2022-08-05 17:26:45","trace_id":""}
{"file":"C:/Users/Admin/Desktop/program/chat/biz/utils/logger.go:44","func":"github.com/lutasam/chat/biz/utils.(*Logger).DoError","level":"error","msg":"you both are already friends, no need to be friend again","time":"2022-08-05 17:28:17","trace_id":""}
{"file":"C:/Users/Admin/Desktop/program/chat/biz/utils/logger.go:44","func":"github.com/lutasam/chat/biz/utils.(*Logger).DoError","level":"error","msg":"you both are already friends, no need to be friend again","time":"2022-08-05 17:28:57","trace_id":""}
{"file":"C:/Users/Admin/Desktop/program/chat/biz/utils/logger.go:44","func":"github.com/lutasam/chat/biz/utils.(*Logger).DoError","level":"error","msg":"server's database has some error, please try again later","time":"2022-08-05 17:32:27","trace_id":""}
{"file":"C:/Users/Admin/Desktop/program/chat/biz/utils/logger.go:44","func":"github.com/lutasam/chat/biz/utils.(*Logger).DoError","level":"error","msg":"Key: 'UpdateGroupRequest.GroupID' Error:Field validation for 'GroupID' failed on the 'required' tag","time":"2022-08-05 18:02:34","trace_id":""}
{"file":"C:/Users/Admin/Desktop/program/chat/biz/utils/logger.go:44","func":"github.com/lutasam/chat/biz/utils.(*Logger).DoError","level":"error","msg":"server's database has some error, please try again later","time":"2022-08-05 18:21:30","trace_id":""}
{"file":"C:/Users/Admin/Desktop/program/chat/biz/utils/logger.go:44","func":"github.com/lutasam/chat/biz/utils.(*Logger).DoError","level":"error","msg":"server's database has some error, please try again later","time":"2022-08-05 19:21:16","trace_id":""}
{"file":"C:/Users/Admin/Desktop/program/chat/biz/utils/logger.go:44","func":"github.com/lutasam/chat/biz/utils.(*Logger).DoError","level":"error","msg":"server's database has some error, please try again later","time":"2022-08-05 19:21:45","trace_id":""}
